{
  "RSpec": {
    "coverage": {
      "/home/iago/Public/faculdade/6 semestre/engenharia projeto semestral/projeto-semestral-ESI/app/helpers/agendamentos_helper.rb": {
        "lines": [
          1,
          null
        ]
      },
      "/home/iago/Public/faculdade/6 semestre/engenharia projeto semestral/projeto-semestral-ESI/app/helpers/application_helper.rb": {
        "lines": [
          1,
          null
        ]
      },
      "/home/iago/Public/faculdade/6 semestre/engenharia projeto semestral/projeto-semestral-ESI/app/helpers/clientes_helper.rb": {
        "lines": [
          1,
          null
        ]
      },
      "/home/iago/Public/faculdade/6 semestre/engenharia projeto semestral/projeto-semestral-ESI/app/models/agendamento.rb": {
        "lines": [
          1,
          1,
          1,
          1,
          null,
          1,
          null,
          1,
          4,
          0,
          null,
          4,
          3,
          null,
          null,
          null,
          null,
          null
        ]
      },
      "/home/iago/Public/faculdade/6 semestre/engenharia projeto semestral/projeto-semestral-ESI/app/models/application_record.rb": {
        "lines": [
          1,
          1,
          null
        ]
      },
      "/home/iago/Public/faculdade/6 semestre/engenharia projeto semestral/projeto-semestral-ESI/app/channels/application_cable/channel.rb": {
        "lines": [
          0,
          0,
          0,
          0
        ],
        "branches": {
        }
      },
      "/home/iago/Public/faculdade/6 semestre/engenharia projeto semestral/projeto-semestral-ESI/app/channels/application_cable/connection.rb": {
        "lines": [
          0,
          0,
          0,
          0
        ],
        "branches": {
        }
      },
      "/home/iago/Public/faculdade/6 semestre/engenharia projeto semestral/projeto-semestral-ESI/app/controllers/agendamentos_controller.rb": {
        "lines": [
          0,
          0,
          0,
          0,
          null,
          0,
          0,
          0,
          null,
          0,
          0,
          0,
          0,
          0,
          0,
          0,
          0,
          null,
          0,
          null,
          0,
          0,
          0,
          null,
          0,
          0,
          0,
          0,
          null,
          null,
          0
        ],
        "branches": {
        }
      },
      "/home/iago/Public/faculdade/6 semestre/engenharia projeto semestral/projeto-semestral-ESI/app/controllers/application_controller.rb": {
        "lines": [
          0,
          0
        ],
        "branches": {
        }
      },
      "/home/iago/Public/faculdade/6 semestre/engenharia projeto semestral/projeto-semestral-ESI/app/controllers/clientes_controller.rb": {
        "lines": [
          0,
          0,
          0,
          0,
          null,
          0,
          0,
          0,
          null,
          0,
          0,
          0,
          0,
          0,
          0,
          null,
          0,
          0,
          0,
          null,
          0,
          0,
          0,
          0,
          null,
          0
        ],
        "branches": {
        }
      },
      "/home/iago/Public/faculdade/6 semestre/engenharia projeto semestral/projeto-semestral-ESI/app/controllers/main_controller.rb": {
        "lines": [
          0,
          0,
          0,
          0
        ],
        "branches": {
        }
      },
      "/home/iago/Public/faculdade/6 semestre/engenharia projeto semestral/projeto-semestral-ESI/app/jobs/application_job.rb": {
        "lines": [
          0,
          null,
          null,
          null,
          null,
          null,
          0
        ],
        "branches": {
        }
      },
      "/home/iago/Public/faculdade/6 semestre/engenharia projeto semestral/projeto-semestral-ESI/app/mailers/application_mailer.rb": {
        "lines": [
          0,
          0,
          0,
          0
        ],
        "branches": {
        }
      },
      "/home/iago/Public/faculdade/6 semestre/engenharia projeto semestral/projeto-semestral-ESI/app/models/cliente.rb": {
        "lines": [
          0,
          0,
          0,
          0,
          0,
          null,
          0
        ],
        "branches": {
        }
      }
    },
    "timestamp": 1666572983
  },
  "Cucumber Features": {
    "coverage": {
      "/home/iago/Public/faculdade/6 semestre/engenharia projeto semestral/projeto-semestral-ESI/app/controllers/agendamentos_controller.rb": {
        "lines": [
          1,
          1,
          5,
          null,
          null,
          1,
          5,
          5,
          null,
          5,
          1,
          1,
          null,
          4,
          4,
          4,
          null,
          null,
          null,
          null,
          1,
          1,
          null,
          null,
          1,
          1,
          5,
          null,
          null,
          null,
          null
        ]
      },
      "/home/iago/Public/faculdade/6 semestre/engenharia projeto semestral/projeto-semestral-ESI/app/controllers/application_controller.rb": {
        "lines": [
          1,
          null
        ]
      },
      "/home/iago/Public/faculdade/6 semestre/engenharia projeto semestral/projeto-semestral-ESI/app/helpers/application_helper.rb": {
        "lines": [
          1,
          null
        ]
      },
      "/home/iago/Public/faculdade/6 semestre/engenharia projeto semestral/projeto-semestral-ESI/app/helpers/agendamentos_helper.rb": {
        "lines": [
          1,
          null
        ]
      },
      "/home/iago/Public/faculdade/6 semestre/engenharia projeto semestral/projeto-semestral-ESI/app/helpers/clientes_helper.rb": {
        "lines": [
          1,
          null
        ]
      },
      "/home/iago/Public/faculdade/6 semestre/engenharia projeto semestral/projeto-semestral-ESI/app/models/agendamento.rb": {
        "lines": [
          1,
          1,
          1,
          1,
          null,
          1,
          null,
          1,
          5,
          1,
          null,
          5,
          1,
          null,
          null,
          null,
          null,
          null
        ]
      },
      "/home/iago/Public/faculdade/6 semestre/engenharia projeto semestral/projeto-semestral-ESI/app/models/application_record.rb": {
        "lines": [
          1,
          1,
          null
        ]
      },
      "/home/iago/Public/faculdade/6 semestre/engenharia projeto semestral/projeto-semestral-ESI/app/channels/application_cable/channel.rb": {
        "lines": [
          0,
          0,
          0,
          0
        ],
        "branches": {
        }
      },
      "/home/iago/Public/faculdade/6 semestre/engenharia projeto semestral/projeto-semestral-ESI/app/channels/application_cable/connection.rb": {
        "lines": [
          0,
          0,
          0,
          0
        ],
        "branches": {
        }
      },
      "/home/iago/Public/faculdade/6 semestre/engenharia projeto semestral/projeto-semestral-ESI/app/controllers/clientes_controller.rb": {
        "lines": [
          0,
          0,
          0,
          0,
          null,
          0,
          0,
          0,
          null,
          0,
          0,
          0,
          0,
          0,
          0,
          null,
          0,
          0,
          0,
          null,
          0,
          0,
          0,
          0,
          null,
          0
        ],
        "branches": {
        }
      },
      "/home/iago/Public/faculdade/6 semestre/engenharia projeto semestral/projeto-semestral-ESI/app/controllers/main_controller.rb": {
        "lines": [
          0,
          0,
          0,
          0
        ],
        "branches": {
        }
      },
      "/home/iago/Public/faculdade/6 semestre/engenharia projeto semestral/projeto-semestral-ESI/app/jobs/application_job.rb": {
        "lines": [
          0,
          null,
          null,
          null,
          null,
          null,
          0
        ],
        "branches": {
        }
      },
      "/home/iago/Public/faculdade/6 semestre/engenharia projeto semestral/projeto-semestral-ESI/app/mailers/application_mailer.rb": {
        "lines": [
          0,
          0,
          0,
          0
        ],
        "branches": {
        }
      },
      "/home/iago/Public/faculdade/6 semestre/engenharia projeto semestral/projeto-semestral-ESI/app/models/cliente.rb": {
        "lines": [
          0,
          0,
          0,
          0,
          0,
          null,
          0
        ],
        "branches": {
        }
      }
    },
    "timestamp": 1666572482
  }
}
