{
  "RSpec": {
    "coverage": {
      "/home/felipe/Documents/projeto-semestral-ESI/app/helpers/agendamentos_helper.rb": {
        "lines": [
          1,
          null
        ]
      },
      "/home/felipe/Documents/projeto-semestral-ESI/app/helpers/application_helper.rb": {
        "lines": [
          1,
          null
        ]
      },
      "/home/felipe/Documents/projeto-semestral-ESI/app/helpers/sessoes_helper.rb": {
        "lines": [
          1,
          null
        ]
      },
      "/home/felipe/Documents/projeto-semestral-ESI/app/helpers/usuarios_helper.rb": {
        "lines": [
          1,
          null
        ]
      },
      "/home/felipe/Documents/projeto-semestral-ESI/app/models/agendamento.rb": {
        "lines": [
          1,
          null,
          1,
          1,
          null,
          1,
          1,
          null,
          1,
          null,
          1,
          6,
          0,
          null,
          6,
          0,
          null,
          null,
          null,
          6,
          3,
          null,
          null,
          null,
          null
        ]
      },
      "/home/felipe/Documents/projeto-semestral-ESI/app/models/cliente.rb": {
        "lines": [
          1,
          1,
          1,
          null,
          1,
          null
        ]
      },
      "/home/felipe/Documents/projeto-semestral-ESI/app/models/application_record.rb": {
        "lines": [
          1,
          null,
          1,
          null
        ]
      },
      "/home/felipe/Documents/projeto-semestral-ESI/app/models/usuario.rb": {
        "lines": [
          1,
          1,
          null,
          1,
          null,
          null,
          1,
          null,
          null,
          1,
          null,
          1,
          1,
          null,
          null,
          1,
          1,
          null,
          1,
          1,
          null
        ]
      },
      "/home/felipe/Documents/projeto-semestral-ESI/app/controllers/agendamentos_controller.rb": {
        "lines": [
          1,
          1,
          1,
          1,
          null,
          1,
          null,
          null,
          1,
          0,
          0,
          null,
          null,
          0,
          0,
          null,
          0,
          0,
          null,
          0,
          0,
          null,
          null,
          null,
          1,
          2,
          1,
          null,
          null,
          1,
          0,
          0,
          null,
          null,
          null,
          null,
          null,
          0,
          null,
          null,
          null,
          null,
          null,
          0,
          null,
          null,
          1,
          1,
          1,
          1,
          null,
          null,
          1,
          null,
          1,
          0,
          null,
          null,
          null
        ]
      },
      "/home/felipe/Documents/projeto-semestral-ESI/app/controllers/application_controller.rb": {
        "lines": [
          1,
          null,
          null,
          1,
          1,
          null,
          1,
          6,
          null,
          null,
          1,
          0,
          null,
          null,
          1,
          0,
          0,
          null,
          null,
          1,
          0,
          0,
          null,
          null,
          null
        ]
      },
      "/home/felipe/Documents/projeto-semestral-ESI/app/models/current.rb": {
        "lines": [
          1,
          null,
          1,
          null
        ]
      },
      "/home/felipe/Documents/projeto-semestral-ESI/app/controllers/clientes_controller.rb": {
        "lines": [
          1,
          1,
          1,
          null,
          null,
          1,
          0,
          0,
          null,
          0,
          null,
          0,
          0,
          null,
          null,
          null,
          1,
          0,
          null,
          null,
          1,
          1,
          0,
          null,
          null,
          null
        ]
      },
      "/home/felipe/Documents/projeto-semestral-ESI/app/controllers/usuarios_controller.rb": {
        "lines": [
          1,
          1,
          null,
          1,
          1,
          null,
          null,
          1,
          0,
          0,
          0,
          0,
          null,
          0,
          0,
          null,
          null,
          null,
          1,
          0,
          null,
          null,
          1,
          0,
          0,
          null,
          0,
          null,
          0,
          0,
          null,
          0,
          0,
          0,
          null,
          null,
          null,
          1,
          0,
          0,
          0,
          0,
          null,
          null,
          1,
          null,
          1,
          0,
          null,
          null
        ]
      },
      "/home/felipe/Documents/projeto-semestral-ESI/app/channels/application_cable/channel.rb": {
        "lines": [
          0,
          0,
          0,
          0
        ],
        "branches": {
        }
      },
      "/home/felipe/Documents/projeto-semestral-ESI/app/channels/application_cable/connection.rb": {
        "lines": [
          0,
          0,
          0,
          0
        ],
        "branches": {
        }
      },
      "/home/felipe/Documents/projeto-semestral-ESI/app/controllers/dashboard_controller.rb": {
        "lines": [
          0,
          0,
          0,
          null,
          null,
          0,
          0,
          null,
          0,
          null,
          0,
          0,
          0,
          0
        ],
        "branches": {
        }
      },
      "/home/felipe/Documents/projeto-semestral-ESI/app/controllers/main_controller.rb": {
        "lines": [
          0,
          0,
          0,
          0
        ],
        "branches": {
        }
      },
      "/home/felipe/Documents/projeto-semestral-ESI/app/controllers/sessoes_controller.rb": {
        "lines": [
          0,
          0,
          null,
          0,
          0,
          0,
          0,
          0,
          0,
          null,
          0,
          0,
          0,
          null,
          0,
          0,
          0,
          0,
          0
        ],
        "branches": {
        }
      },
      "/home/felipe/Documents/projeto-semestral-ESI/app/jobs/application_job.rb": {
        "lines": [
          0,
          null,
          null,
          null,
          null,
          null,
          0
        ],
        "branches": {
        }
      },
      "/home/felipe/Documents/projeto-semestral-ESI/app/mailers/application_mailer.rb": {
        "lines": [
          0,
          0,
          0,
          0
        ],
        "branches": {
        }
      }
    },
    "timestamp": 1669251927
  },
  "Cucumber Features": {
    "coverage": {
      "/home/felipe/Documents/projeto-semestral-ESI/app/controllers/sessoes_controller.rb": {
        "lines": [
          1,
          1,
          null,
          1,
          15,
          15,
          11,
          11,
          null,
          null,
          4,
          null,
          null,
          null,
          1,
          1,
          1,
          null,
          null
        ]
      },
      "/home/felipe/Documents/projeto-semestral-ESI/app/controllers/application_controller.rb": {
        "lines": [
          1,
          null,
          null,
          1,
          1,
          null,
          1,
          88,
          null,
          null,
          1,
          25,
          null,
          null,
          1,
          11,
          11,
          null,
          null,
          1,
          1,
          1,
          null,
          null,
          null
        ]
      },
      "/home/felipe/Documents/projeto-semestral-ESI/app/helpers/application_helper.rb": {
        "lines": [
          1,
          null
        ]
      },
      "/home/felipe/Documents/projeto-semestral-ESI/app/helpers/agendamentos_helper.rb": {
        "lines": [
          1,
          null
        ]
      },
      "/home/felipe/Documents/projeto-semestral-ESI/app/helpers/sessoes_helper.rb": {
        "lines": [
          1,
          null
        ]
      },
      "/home/felipe/Documents/projeto-semestral-ESI/app/helpers/usuarios_helper.rb": {
        "lines": [
          1,
          null
        ]
      },
      "/home/felipe/Documents/projeto-semestral-ESI/app/models/usuario.rb": {
        "lines": [
          1,
          1,
          null,
          1,
          null,
          null,
          1,
          null,
          null,
          1,
          null,
          1,
          0,
          null,
          null,
          1,
          1,
          null,
          1,
          1,
          null
        ]
      },
      "/home/felipe/Documents/projeto-semestral-ESI/app/controllers/dashboard_controller.rb": {
        "lines": [
          1,
          1,
          1,
          null,
          null,
          16,
          15,
          null,
          15,
          null,
          15,
          null,
          null,
          null
        ]
      },
      "/home/felipe/Documents/projeto-semestral-ESI/app/models/current.rb": {
        "lines": [
          1,
          null,
          1,
          null
        ]
      },
      "/home/felipe/Documents/projeto-semestral-ESI/app/controllers/agendamentos_controller.rb": {
        "lines": [
          1,
          1,
          6,
          6,
          null,
          6,
          null,
          null,
          1,
          5,
          5,
          null,
          null,
          5,
          0,
          null,
          5,
          5,
          null,
          5,
          5,
          null,
          null,
          null,
          1,
          0,
          0,
          null,
          null,
          1,
          5,
          5,
          null,
          null,
          null,
          null,
          null,
          0,
          null,
          null,
          null,
          null,
          null,
          5,
          null,
          null,
          1,
          0,
          0,
          0,
          null,
          null,
          1,
          null,
          1,
          5,
          null,
          null,
          null
        ]
      },
      "/home/felipe/Documents/projeto-semestral-ESI/app/models/agendamento.rb": {
        "lines": [
          1,
          null,
          1,
          1,
          null,
          1,
          1,
          null,
          1,
          null,
          1,
          13,
          1,
          null,
          13,
          1,
          null,
          null,
          null,
          13,
          1,
          null,
          null,
          null,
          null
        ]
      },
      "/home/felipe/Documents/projeto-semestral-ESI/app/controllers/usuarios_controller.rb": {
        "lines": [
          1,
          1,
          null,
          1,
          0,
          null,
          null,
          1,
          0,
          0,
          0,
          0,
          null,
          0,
          0,
          null,
          null,
          null,
          1,
          2,
          null,
          null,
          1,
          2,
          2,
          null,
          2,
          null,
          1,
          1,
          null,
          1,
          1,
          1,
          null,
          null,
          null,
          1,
          0,
          0,
          0,
          0,
          null,
          null,
          1,
          null,
          1,
          2,
          null,
          null
        ]
      },
      "/home/felipe/Documents/projeto-semestral-ESI/app/controllers/clientes_controller.rb": {
        "lines": [
          1,
          1,
          5,
          null,
          null,
          1,
          5,
          5,
          null,
          1,
          null,
          4,
          4,
          null,
          null,
          null,
          1,
          1,
          null,
          null,
          1,
          1,
          5,
          null,
          null,
          null
        ]
      },
      "/home/felipe/Documents/projeto-semestral-ESI/app/models/cliente.rb": {
        "lines": [
          1,
          1,
          1,
          null,
          1,
          null
        ]
      },
      "/home/felipe/Documents/projeto-semestral-ESI/app/models/application_record.rb": {
        "lines": [
          1,
          null,
          1,
          null
        ]
      },
      "/home/felipe/Documents/projeto-semestral-ESI/app/channels/application_cable/channel.rb": {
        "lines": [
          0,
          0,
          0,
          0
        ],
        "branches": {
        }
      },
      "/home/felipe/Documents/projeto-semestral-ESI/app/channels/application_cable/connection.rb": {
        "lines": [
          0,
          0,
          0,
          0
        ],
        "branches": {
        }
      },
      "/home/felipe/Documents/projeto-semestral-ESI/app/controllers/main_controller.rb": {
        "lines": [
          0,
          0,
          0,
          0
        ],
        "branches": {
        }
      },
      "/home/felipe/Documents/projeto-semestral-ESI/app/jobs/application_job.rb": {
        "lines": [
          0,
          null,
          null,
          null,
          null,
          null,
          0
        ],
        "branches": {
        }
      },
      "/home/felipe/Documents/projeto-semestral-ESI/app/mailers/application_mailer.rb": {
        "lines": [
          0,
          0,
          0,
          0
        ],
        "branches": {
        }
      }
    },
    "timestamp": 1669254817
  },
  "Minitest": {
    "coverage": {
      "/home/felipe/Documents/projeto-semestral-ESI/app/channels/application_cable/channel.rb": {
        "lines": [
          0,
          0,
          0,
          0
        ],
        "branches": {
        }
      },
      "/home/felipe/Documents/projeto-semestral-ESI/app/channels/application_cable/connection.rb": {
        "lines": [
          0,
          0,
          0,
          0
        ],
        "branches": {
        }
      },
      "/home/felipe/Documents/projeto-semestral-ESI/app/controllers/agendamentos_controller.rb": {
        "lines": [
          0,
          0,
          0,
          0,
          null,
          0,
          0,
          null,
          0,
          null,
          0,
          0,
          0,
          0,
          0,
          0,
          0,
          0,
          null,
          0,
          null,
          0,
          0,
          0,
          null,
          0,
          0,
          0,
          0,
          null,
          null,
          0
        ],
        "branches": {
        }
      },
      "/home/felipe/Documents/projeto-semestral-ESI/app/controllers/application_controller.rb": {
        "lines": [
          0,
          0,
          0,
          null,
          0,
          0,
          0,
          0,
          0,
          null,
          0,
          0,
          0,
          0,
          0,
          0,
          null,
          0
        ],
        "branches": {
        }
      },
      "/home/felipe/Documents/projeto-semestral-ESI/app/controllers/clientes_controller.rb": {
        "lines": [
          0,
          0,
          0,
          0,
          null,
          0,
          0,
          0,
          null,
          0,
          0,
          0,
          0,
          0,
          0,
          null,
          0,
          0,
          0,
          null,
          0,
          0,
          0,
          0,
          null,
          0
        ],
        "branches": {
        }
      },
      "/home/felipe/Documents/projeto-semestral-ESI/app/controllers/main_controller.rb": {
        "lines": [
          0,
          0,
          0,
          0
        ],
        "branches": {
        }
      },
      "/home/felipe/Documents/projeto-semestral-ESI/app/controllers/sessoes_controller.rb": {
        "lines": [
          0,
          0,
          0,
          0,
          0,
          0,
          0,
          0,
          null,
          0,
          0,
          0,
          null,
          0,
          0,
          0,
          0,
          0
        ],
        "branches": {
        }
      },
      "/home/felipe/Documents/projeto-semestral-ESI/app/controllers/usuarios_controller.rb": {
        "lines": [
          0,
          null,
          0,
          0,
          0,
          null,
          0,
          0,
          0,
          null,
          0,
          0,
          0,
          0,
          0,
          0,
          0,
          0,
          0,
          0,
          null,
          0,
          0,
          0,
          null,
          0,
          0,
          0,
          null,
          0,
          0,
          0,
          null,
          0,
          null,
          0,
          0,
          0,
          0,
          0,
          0,
          0,
          null,
          0,
          0,
          0,
          0,
          0,
          0,
          null,
          0,
          0,
          0,
          0,
          0
        ],
        "branches": {
        }
      },
      "/home/felipe/Documents/projeto-semestral-ESI/app/helpers/agendamentos_helper.rb": {
        "lines": [
          0,
          0
        ],
        "branches": {
        }
      },
      "/home/felipe/Documents/projeto-semestral-ESI/app/helpers/application_helper.rb": {
        "lines": [
          0,
          0
        ],
        "branches": {
        }
      },
      "/home/felipe/Documents/projeto-semestral-ESI/app/helpers/clientes_helper.rb": {
        "lines": [
          0,
          0
        ],
        "branches": {
        }
      },
      "/home/felipe/Documents/projeto-semestral-ESI/app/helpers/sessoes_helper.rb": {
        "lines": [
          0,
          0,
          0,
          0,
          null,
          0,
          0,
          0,
          null,
          0,
          0,
          0,
          0,
          0,
          null,
          0,
          0,
          0,
          null,
          0,
          0,
          0,
          0,
          0
        ],
        "branches": {
        }
      },
      "/home/felipe/Documents/projeto-semestral-ESI/app/helpers/usuarios_helper.rb": {
        "lines": [
          0,
          0
        ],
        "branches": {
        }
      },
      "/home/felipe/Documents/projeto-semestral-ESI/app/jobs/application_job.rb": {
        "lines": [
          0,
          null,
          null,
          null,
          null,
          null,
          0
        ],
        "branches": {
        }
      },
      "/home/felipe/Documents/projeto-semestral-ESI/app/mailers/application_mailer.rb": {
        "lines": [
          0,
          0,
          0,
          0
        ],
        "branches": {
        }
      },
      "/home/felipe/Documents/projeto-semestral-ESI/app/models/agendamento.rb": {
        "lines": [
          0,
          0,
          0,
          0,
          null,
          0,
          null,
          0,
          0,
          0,
          0,
          0,
          0,
          0,
          null,
          0,
          null,
          0
        ],
        "branches": {
        }
      },
      "/home/felipe/Documents/projeto-semestral-ESI/app/models/application_record.rb": {
        "lines": [
          0,
          0,
          0
        ],
        "branches": {
        }
      },
      "/home/felipe/Documents/projeto-semestral-ESI/app/models/cliente.rb": {
        "lines": [
          0,
          0,
          0,
          0,
          0,
          null,
          0
        ],
        "branches": {
        }
      },
      "/home/felipe/Documents/projeto-semestral-ESI/app/models/usuario.rb": {
        "lines": [
          0,
          0,
          null,
          0,
          null,
          0,
          0,
          0,
          null,
          0,
          0,
          0,
          0,
          0,
          0
        ],
        "branches": {
        }
      }
    },
    "timestamp": 1667865908
  }
}
